<?xml version="1.0" encoding="UTF-8"?>
<testsuite xmlns:xsi="http://www.w3.org/2001/XMLSchema-instance" xsi:noNamespaceSchemaLocation="https://maven.apache.org/surefire/maven-surefire-plugin/xsd/surefire-test-report.xsd" version="3.0.2" name="com.cuentas.cuentashogar.UtilsTest" time="0.015" tests="7" errors="0" skipped="0" failures="0" flakes="0">
  <properties>
[...]
</properties>
  <testcase name="isValidEmail_moreCases" classname="com.cuentas.cuentashogar.UtilsTest" time="0.003"/>
  <testcase name="reverse_shouldHandleEmpty" classname="com.cuentas.cuentashogar.UtilsTest" time="0.001"/>
  <testcase name="reverse_shouldReverseString" classname="com.cuentas.cuentashogar.UtilsTest" time="0.001"/>
  <testcase name="add_shouldSumNumbers" classname="com.cuentas.cuentashogar.UtilsTest" time="0.001"/>
  <testcase name="isValidEmail_shouldReturnTrueForValid" classname="com.cuentas.cuentashogar.UtilsTest" time="0.001"/>
  <testcase name="reverse_shouldThrowOnNull" classname="com.cuentas.cuentashogar.UtilsTest" time="0.001"/>
  <testcase name="isValidEmail_shouldReturnFalseForInvalid" classname="com.cuentas.cuentashogar.UtilsTest" time="0.002"/>
</testsuite>